<?xml version="1.0" encoding="UTF-8"?>
<!-- Generated by org.testng.reporters.JUnitReportReporter -->
<testsuite hostname="DESKTOP-88FLBF9" failures="0" tests="2" name="CRM.DataScraping" time="47.254" errors="0" timestamp="2020-08-27T03:10:37 IST" skipped="0">
  <testcase classname="CRM.DataScraping" name="leadsData" time="23.564"/>
  <system-out/>
  <testcase classname="CRM.DataScraping" name="accountData" time="23.690"/>
  <system-out/>
</testsuite> <!-- CRM.DataScraping -->
