<?xml version="1.0" encoding="UTF-8"?>
<!-- Generated by org.testng.reporters.JUnitReportReporter -->
<testsuite hostname="DESKTOP-88FLBF9" failures="0" tests="2" name="CRM.loginBase" time="0.046" errors="0" timestamp="2020-08-27T03:10:37 IST" skipped="0">
  <testcase classname="CRM.loginBase" name="homePage_Verification" time="0.008"/>
  <system-out>
Navigated to Homepage successfully.  </system-out>
  <testcase classname="CRM.loginBase" name="verifyNavColor" time="0.038"/>
  <system-out/>
</testsuite> <!-- CRM.loginBase -->
