<?xml version="1.0" encoding="UTF-8"?>
<!-- Generated by org.testng.reporters.JUnitReportReporter -->
<testsuite hostname="DESKTOP-88FLBF9" failures="0" tests="3" name="CRM.IntialChecks" time="0.127" errors="0" timestamp="2020-08-27T03:10:37 IST" skipped="0">
  <testcase classname="CRM.IntialChecks" name="getTitle" time="0.022"/>
  <system-out>
Title Asserted  </system-out>
  <testcase classname="CRM.IntialChecks" name="footerImage" time="0.057"/>
  <system-out/>
  <testcase classname="CRM.IntialChecks" name="headerImage" time="0.048"/>
  <system-out>
Activity 2 completed.  </system-out>
</testsuite> <!-- CRM.IntialChecks -->
