<?xml version="1.0" encoding="UTF-8"?>
<!-- Generated by org.testng.reporters.JUnitReportReporter -->
<testsuite hostname="DESKTOP-88FLBF9" failures="0" tests="2" name="CRM.VerfiyObjects" time="46.882" errors="0" timestamp="2020-08-27T03:10:37 IST" skipped="0">
  <testcase classname="CRM.VerfiyObjects" name="verifyActivity" time="17.199"/>
  <system-out>
navigated to Activities Sucessfully  </system-out>
  <testcase classname="CRM.VerfiyObjects" name="leadAlert" time="29.683"/>
  <system-out>
Identifying Lead phone number successful.  </system-out>
</testsuite> <!-- CRM.VerfiyObjects -->
